Unity Editor version:    2021.2.5f1 (4ec9a5e799f5)
Branch:                  2021.2/staging
Build type:              Release
Batch mode:              YES
macOS version:           Version 11.6 (Build 20G165)
Darwin version:          20.6.0
Architecture:            x86_64
Running under Rosetta:   YES
Available memory:        8192 MB
Using pre-set license
Pro License: NO

COMMAND LINE ARGUMENTS:
/Users/NBSchwa/Desktop/School/Electronics/2021.2.5f1/Unity.app/Contents/MacOS/Unity
-adb2
-batchMode
-noUpm
-name
AssetImportWorker1
-projectPath
/Users/NBSchwa/Desktop/Journey
-logFile
Logs/AssetImportWorker1.log
-srvPort
54736
Successfully changed project path to: /Users/NBSchwa/Desktop/Journey
/Users/NBSchwa/Desktop/Journey
[UnityMemory] Configuration Parameters - Can be set up in boot.config
    "memorysetup-bucket-allocator-granularity=16"
    "memorysetup-bucket-allocator-bucket-count=8"
    "memorysetup-bucket-allocator-block-size=33554432"
    "memorysetup-bucket-allocator-block-count=8"
    "memorysetup-main-allocator-block-size=16777216"
    "memorysetup-thread-allocator-block-size=16777216"
    "memorysetup-gfx-main-allocator-block-size=16777216"
    "memorysetup-gfx-thread-allocator-block-size=16777216"
    "memorysetup-cache-allocator-block-size=4194304"
    "memorysetup-typetree-allocator-block-size=2097152"
    "memorysetup-profiler-bucket-allocator-granularity=16"
    "memorysetup-profiler-bucket-allocator-bucket-count=8"
    "memorysetup-profiler-bucket-allocator-block-size=33554432"
    "memorysetup-profiler-bucket-allocator-block-count=8"
    "memorysetup-profiler-allocator-block-size=16777216"
    "memorysetup-profiler-editor-allocator-block-size=1048576"
    "memorysetup-temp-allocator-size-main=16777216"
    "memorysetup-job-temp-allocator-block-size=2097152"
    "memorysetup-job-temp-allocator-block-size-background=1048576"
    "memorysetup-job-temp-allocator-reduction-small-platforms=262144"
    "memorysetup-temp-allocator-size-background-worker=32768"
    "memorysetup-temp-allocator-size-job-worker=262144"
    "memorysetup-temp-allocator-size-preload-manager=33554432"
    "memorysetup-temp-allocator-size-nav-mesh-worker=65536"
    "memorysetup-temp-allocator-size-audio-worker=65536"
    "memorysetup-temp-allocator-size-cloud-worker=32768"
    "memorysetup-temp-allocator-size-gi-baking-worker=262144"
    "memorysetup-temp-allocator-size-gfx=262144"
Refreshing native plugins compatible for Editor in 29.45 ms, found 2 plugins.
Preloading 0 native plugins for Editor in 0.00 ms.
Initialize engine version: 2021.2.5f1 (4ec9a5e799f5)
[Subsystems] Discovering subsystems at path /Users/NBSchwa/Desktop/School/Electronics/2021.2.5f1/Unity.app/Contents/Resources/UnitySubsystems
[Subsystems] Discovering subsystems at path /Users/NBSchwa/Desktop/Journey/Assets
GfxDevice: creating device client; threaded=0; jobified=0
 preferred device: Apple M1 (high power)
Metal devices available: 1
0: Apple M1 (high power)
Using device Apple M1 (high power)
Initializing Metal device caps: Apple M1
Initialize mono
Mono path[0] = '/Users/NBSchwa/Desktop/School/Electronics/2021.2.5f1/Unity.app/Contents/Managed'
Mono path[1] = '/Users/NBSchwa/Desktop/School/Electronics/2021.2.5f1/Unity.app/Contents/MonoBleedingEdge/lib/mono/unityjit-macos'
Mono config path = '/Users/NBSchwa/Desktop/School/Electronics/2021.2.5f1/Unity.app/Contents/MonoBleedingEdge/etc'
Using monoOptions --debugger-agent=transport=dt_socket,embedding=1,server=y,suspend=n,address=127.0.0.1:56240
Begin MonoManager ReloadAssembly
Registering precompiled unity dll's ...
Register platform support module: /Users/NBSchwa/Desktop/School/Electronics/2021.2.5f1/PlaybackEngines/WebGLSupport/UnityEditor.WebGL.Extensions.dll
Register platform support module: /Users/NBSchwa/Desktop/School/Electronics/2021.2.5f1/Unity.app/Contents/PlaybackEngines/MacStandaloneSupport/UnityEditor.OSXStandalone.Extensions.dll
Registered in 0.001671 seconds.
Native extension for OSXStandalone target not found
Native extension for WebGL target not found
Refreshing native plugins compatible for Editor in 32.39 ms, found 2 plugins.
Preloading 0 native plugins for Editor in 0.00 ms.
Mono: successfully reloaded assembly
- Completed reload, in  1.332 seconds
Domain Reload Profiling:
	ReloadAssembly (1334ms)
		BeginReloadAssembly (140ms)
			ExecutionOrderSort (0ms)
			DisableScriptedObjects (0ms)
			BackupInstance (0ms)
			ReleaseScriptingObjects (0ms)
			CreateAndSetChildDomain (3ms)
		EndReloadAssembly (1043ms)
			LoadAssemblies (138ms)
			RebuildTransferFunctionScriptingTraits (0ms)
			SetupTypeCache (151ms)
			ReleaseScriptCaches (0ms)
			RebuildScriptCaches (35ms)
			SetupLoadedEditorAssemblies (696ms)
				LogAssemblyErrors (0ms)
				InitializePlatformSupportModulesInManaged (41ms)
				SetLoadedEditorAssemblies (7ms)
				RefreshPlugins (32ms)
				BeforeProcessingInitializeOnLoad (3ms)
				ProcessInitializeOnLoadAttributes (459ms)
				ProcessInitializeOnLoadMethodAttributes (153ms)
				AfterProcessingInitializeOnLoad (0ms)
				EditorAssembliesLoaded (0ms)
			ExecutionOrderSort2 (0ms)
			AwakeInstancesAfterBackupRestoration (0ms)
Platform modules already initialized, skipping
Registering precompiled user dll's ...
Registered in 0.003636 seconds.
Begin MonoManager ReloadAssembly
Native extension for OSXStandalone target not found
Native extension for WebGL target not found
Refreshing native plugins compatible for Editor in 0.32 ms, found 2 plugins.
Preloading 0 native plugins for Editor in 0.00 ms.
Mono: successfully reloaded assembly
- Completed reload, in  2.135 seconds
Domain Reload Profiling:
	ReloadAssembly (2137ms)
		BeginReloadAssembly (318ms)
			ExecutionOrderSort (0ms)
			DisableScriptedObjects (34ms)
			BackupInstance (0ms)
			ReleaseScriptingObjects (0ms)
			CreateAndSetChildDomain (40ms)
		EndReloadAssembly (1587ms)
			LoadAssemblies (116ms)
			RebuildTransferFunctionScriptingTraits (0ms)
			SetupTypeCache (245ms)
			ReleaseScriptCaches (0ms)
			RebuildScriptCaches (48ms)
			SetupLoadedEditorAssemblies (928ms)
				LogAssemblyErrors (0ms)
				InitializePlatformSupportModulesInManaged (31ms)
				SetLoadedEditorAssemblies (1ms)
				RefreshPlugins (0ms)
				BeforeProcessingInitializeOnLoad (81ms)
				ProcessInitializeOnLoadAttributes (723ms)
				ProcessInitializeOnLoadMethodAttributes (90ms)
				AfterProcessingInitializeOnLoad (1ms)
				EditorAssembliesLoaded (0ms)
			ExecutionOrderSort2 (0ms)
			AwakeInstancesAfterBackupRestoration (11ms)
Platform modules already initialized, skipping
========================================================================
Worker process is ready to serve import requests
Launching external process: /Users/NBSchwa/Desktop/School/Electronics/2021.2.5f1/Unity.app/Contents/Tools/UnityShaderCompiler
Launched and connected shader compiler UnityShaderCompiler after 0.04 seconds
Refreshing native plugins compatible for Editor in 0.30 ms, found 2 plugins.
Preloading 0 native plugins for Editor in 0.00 ms.
Unloading 1541 Unused Serialized files (Serialized files now loaded: 0)
Unloading 19 unused Assets / (35.9 KB). Loaded Objects now: 2005.
Memory consumption went from 159.5 MB to 159.4 MB.
Total: 2.685500 ms (FindLiveObjects: 0.096708 ms CreateObjectMapping: 0.031791 ms MarkObjects: 2.473792 ms  DeleteObjects: 0.082083 ms)

AssetImportParameters requested are different than current active one (requested -> active):
  custom:video-decoder-ogg-theora: a1e56fd34408186e4bbccfd4996cb3dc -> 
  custom:container-muxer-webm: aa71ff27fc2769a1b78a27578f13a17b -> 
  custom:container-demuxer-webm: 4f35f7cbe854078d1ac9338744f61a02 -> 
  custom:video-encoder-webm-vp8: eb34c28f22e8b96e1ab97ce403110664 -> 
  custom:framework-osx-AVFoundation: e770b220cccbd017edd2c1fefb359320 -> 
  custom:audio-encoder-webm-vorbis: bf7c407c2cedff20999df2af8eb42d56 -> 
  custom:container-demuxer-ogg: 62fdf1f143b41e24485cea50d1cbac27 -> 
  custom:video-decoder-webm-vp8: 9c59270c3fd7afecdb556c50c9e8de78 -> 
  custom:audio-decoder-ogg-vorbis: bf7c407c2cedff20999df2af8eb42d56 -> 
========================================================================
Received Import Request.
  Time since last request: 102101.646117 seconds.
  path: Assets/MenuPlane.renderTexture
  artifactKey: Guid(a75a5adc7f984c142a612367e5bb30fd) Importer(815301076,1909f56bfc062723c751e8b465ee728b)
Start importing Assets/MenuPlane.renderTexture using Guid(a75a5adc7f984c142a612367e5bb30fd) Importer(815301076,1909f56bfc062723c751e8b465ee728b)  -> (artifact id: '3ab52db24ff6b148d276fcdbffa1b093') in 0.797998 seconds 
========================================================================
Received Import Request.
  Time since last request: 0.000108 seconds.
  path: Assets/Blocks.mat
  artifactKey: Guid(acb3075aafedf0f44934800aa6d6a811) Importer(815301076,1909f56bfc062723c751e8b465ee728b)
Start importing Assets/Blocks.mat using Guid(acb3075aafedf0f44934800aa6d6a811) Importer(815301076,1909f56bfc062723c751e8b465ee728b)  -> (artifact id: 'f9eb0873fd875e56b585d400408a4963') in 0.672064 seconds 
========================================================================
Received Import Request.
  Time since last request: 0.000193 seconds.
  path: Assets/key.png
  artifactKey: Guid(6bb15743953f0324fb3648b5696b1b41) Importer(815301076,1909f56bfc062723c751e8b465ee728b)
Start importing Assets/key.png using Guid(6bb15743953f0324fb3648b5696b1b41) Importer(815301076,1909f56bfc062723c751e8b465ee728b)  -> (artifact id: '0d2d2a6ce1149dd7ad0ccce0b59f90ed') in 0.520576 seconds 
========================================================================
Received Import Request.
  Time since last request: 0.000083 seconds.
  path: Assets/Enemy Mirror.mat
  artifactKey: Guid(8fdb81188eb19b4489582cb5811176db) Importer(815301076,1909f56bfc062723c751e8b465ee728b)
Start importing Assets/Enemy Mirror.mat using Guid(8fdb81188eb19b4489582cb5811176db) Importer(815301076,1909f56bfc062723c751e8b465ee728b)  -> (artifact id: '6d8ea04c023bc2eb39fe99b62959f006') in 0.123030 seconds 
========================================================================
Received Import Request.
  Time since last request: 0.000081 seconds.
  path: Assets/Journey2.png
  artifactKey: Guid(cc9c437c8f1c2664991b5fc6818b33ac) Importer(815301076,1909f56bfc062723c751e8b465ee728b)
Start importing Assets/Journey2.png using Guid(cc9c437c8f1c2664991b5fc6818b33ac) Importer(815301076,1909f56bfc062723c751e8b465ee728b)  -> (artifact id: 'a3f73538d2fd810336352a7faa1f30ff') in 0.052139 seconds 
========================================================================
Received Import Request.
  Time since last request: 0.000067 seconds.
  path: Assets/FinalMenu.png
  artifactKey: Guid(dfeceffe57eded748968f54dfd64eecf) Importer(815301076,1909f56bfc062723c751e8b465ee728b)
Start importing Assets/FinalMenu.png using Guid(dfeceffe57eded748968f54dfd64eecf) Importer(815301076,1909f56bfc062723c751e8b465ee728b)  -> (artifact id: '8a6b389951b11f10cd5cbd0d3fff3aef') in 0.085254 seconds 
========================================================================
Received Import Request.
  Time since last request: 0.000072 seconds.
  path: Assets/Material Z.mat
  artifactKey: Guid(cb40f264bc0fb4b919238d631824b0b7) Importer(815301076,1909f56bfc062723c751e8b465ee728b)
Start importing Assets/Material Z.mat using Guid(cb40f264bc0fb4b919238d631824b0b7) Importer(815301076,1909f56bfc062723c751e8b465ee728b)  -> (artifact id: '97e461921b389e125bc94b1c06b343b7') in 0.266898 seconds 
========================================================================
Received Import Request.
  Time since last request: 145.686869 seconds.
  path: Assets/Materials/Journey2.mat
  artifactKey: Guid(8cfb125a89ed6da43b54e5ac93d3b2ef) Importer(815301076,1909f56bfc062723c751e8b465ee728b)
Start importing Assets/Materials/Journey2.mat using Guid(8cfb125a89ed6da43b54e5ac93d3b2ef) Importer(815301076,1909f56bfc062723c751e8b465ee728b)  -> (artifact id: '4f1e4e5d534eb8b1fc2b0f05bfef8b6c') in 0.063867 seconds 
========================================================================
Received Import Request.
  Time since last request: 0.000097 seconds.
  path: Assets/Materials/player.mat
  artifactKey: Guid(470584e364e03a44cb6c7f42a287742f) Importer(815301076,1909f56bfc062723c751e8b465ee728b)
Start importing Assets/Materials/player.mat using Guid(470584e364e03a44cb6c7f42a287742f) Importer(815301076,1909f56bfc062723c751e8b465ee728b)  -> (artifact id: '9f7df4dab64f9a798f87651d7db970b8') in 0.010387 seconds 
========================================================================
Received Import Request.
  Time since last request: 0.000082 seconds.
  path: Assets/Materials/text-1620516167561.mat
  artifactKey: Guid(e262b51c87a14fa4288135e334b82387) Importer(815301076,1909f56bfc062723c751e8b465ee728b)
Start importing Assets/Materials/text-1620516167561.mat using Guid(e262b51c87a14fa4288135e334b82387) Importer(815301076,1909f56bfc062723c751e8b465ee728b)  -> (artifact id: '5a89eff670c2463b1f0756d38c08bd30') in 0.009267 seconds 
========================================================================
Received Import Request.
  Time since last request: 0.000060 seconds.
  path: Assets/Materials/key.mat
  artifactKey: Guid(62f53fb4ea8f4d643bce0177e3c1c6a0) Importer(815301076,1909f56bfc062723c751e8b465ee728b)
Start importing Assets/Materials/key.mat using Guid(62f53fb4ea8f4d643bce0177e3c1c6a0) Importer(815301076,1909f56bfc062723c751e8b465ee728b)  -> (artifact id: 'cace839c6d39adb0abe7df6feb8393fa') in 0.010747 seconds 
========================================================================
Received Import Request.
  Time since last request: 1.022444 seconds.
  path: Assets/Audio/Bounce 1.mp3
  artifactKey: Guid(e2eae28f4b75294478921f80adccb955) Importer(815301076,1909f56bfc062723c751e8b465ee728b)
Start importing Assets/Audio/Bounce 1.mp3 using Guid(e2eae28f4b75294478921f80adccb955) Importer(815301076,1909f56bfc062723c751e8b465ee728b)  -> (artifact id: '445f0244e84c0b23959607cb981cc8a1') in 0.911780 seconds 
========================================================================
Received Import Request.
  Time since last request: 0.000079 seconds.
  path: Assets/Audio/EnemyAmbient (1) (2) (2).mp3
  artifactKey: Guid(30661571059c9e944b68cf66401d333c) Importer(815301076,1909f56bfc062723c751e8b465ee728b)
Start importing Assets/Audio/EnemyAmbient (1) (2) (2).mp3 using Guid(30661571059c9e944b68cf66401d333c) Importer(815301076,1909f56bfc062723c751e8b465ee728b)  -> (artifact id: '6738320d7798db6aa3cb3e82baa612bb') in 0.007658 seconds 
========================================================================
Received Import Request.
  Time since last request: 0.000091 seconds.
  path: Assets/Audio/GateSound.mp3
  artifactKey: Guid(fbfe82be27cf28042bd28408d6d3927c) Importer(815301076,1909f56bfc062723c751e8b465ee728b)
Start importing Assets/Audio/GateSound.mp3 using Guid(fbfe82be27cf28042bd28408d6d3927c) Importer(815301076,1909f56bfc062723c751e8b465ee728b)  -> (artifact id: '2207a337e771fa8be0fa46aac8230bf2') in 0.007142 seconds 
========================================================================
Received Import Request.
  Time since last request: 0.000147 seconds.
  path: Assets/Audio/Pop sound effect - low (1) (1).mp3
  artifactKey: Guid(9fedbd98800becc4494b8818719320f4) Importer(815301076,1909f56bfc062723c751e8b465ee728b)
Start importing Assets/Audio/Pop sound effect - low (1) (1).mp3 using Guid(9fedbd98800becc4494b8818719320f4) Importer(815301076,1909f56bfc062723c751e8b465ee728b)  -> (artifact id: '1ceb306f6d4dfa860ee9549b9a151d70') in 0.005653 seconds 
========================================================================
Received Prepare
Couldn't register non-exiting asset root folder: 'Assets'
Assertion failed on expression: 'success'
Registering precompiled user dll's ...
Registered in 0.001925 seconds.
Begin MonoManager ReloadAssembly
Native extension for OSXStandalone target not found
Native extension for WebGL target not found
Refreshing native plugins compatible for Editor in 0.34 ms, found 2 plugins.
Preloading 0 native plugins for Editor in 0.00 ms.
Mono: successfully reloaded assembly
- Completed reload, in  2.161 seconds
Domain Reload Profiling:
	ReloadAssembly (2162ms)
		BeginReloadAssembly (265ms)
			ExecutionOrderSort (0ms)
			DisableScriptedObjects (36ms)
			BackupInstance (0ms)
			ReleaseScriptingObjects (0ms)
			CreateAndSetChildDomain (93ms)
		EndReloadAssembly (1662ms)
			LoadAssemblies (101ms)
			RebuildTransferFunctionScriptingTraits (0ms)
			SetupTypeCache (246ms)
			ReleaseScriptCaches (1ms)
			RebuildScriptCaches (44ms)
			SetupLoadedEditorAssemblies (986ms)
				LogAssemblyErrors (0ms)
				InitializePlatformSupportModulesInManaged (53ms)
				SetLoadedEditorAssemblies (2ms)
				RefreshPlugins (0ms)
				BeforeProcessingInitializeOnLoad (86ms)
				ProcessInitializeOnLoadAttributes (755ms)
				ProcessInitializeOnLoadMethodAttributes (89ms)
				AfterProcessingInitializeOnLoad (1ms)
				EditorAssembliesLoaded (0ms)
			ExecutionOrderSort2 (0ms)
			AwakeInstancesAfterBackupRestoration (31ms)
Platform modules already initialized, skipping
Refreshing native plugins compatible for Editor in 0.30 ms, found 2 plugins.
Preloading 0 native plugins for Editor in 0.00 ms.
Unloading 1513 Unused Serialized files (Serialized files now loaded: 0)
Unloading 35 unused Assets / (21.9 KB). Loaded Objects now: 2097.
Memory consumption went from 182.8 MB to 182.8 MB.
Total: 2.278042 ms (FindLiveObjects: 0.091792 ms CreateObjectMapping: 0.033583 ms MarkObjects: 2.132458 ms  DeleteObjects: 0.019416 ms)

AssetImportParameters requested are different than current active one (requested -> active):
  custom:video-decoder-ogg-theora: a1e56fd34408186e4bbccfd4996cb3dc -> 
  custom:container-muxer-webm: aa71ff27fc2769a1b78a27578f13a17b -> 
  custom:container-demuxer-webm: 4f35f7cbe854078d1ac9338744f61a02 -> 
  custom:video-encoder-webm-vp8: eb34c28f22e8b96e1ab97ce403110664 -> 
  custom:framework-osx-AVFoundation: e770b220cccbd017edd2c1fefb359320 -> 
  custom:audio-encoder-webm-vorbis: bf7c407c2cedff20999df2af8eb42d56 -> 
  custom:container-demuxer-ogg: 62fdf1f143b41e24485cea50d1cbac27 -> 
  custom:video-decoder-webm-vp8: 9c59270c3fd7afecdb556c50c9e8de78 -> 
  custom:audio-decoder-ogg-vorbis: bf7c407c2cedff20999df2af8eb42d56 -> 
========================================================================
Received Prepare
Couldn't register non-exiting asset root folder: 'Assets'
Assertion failed on expression: 'success'
Registering precompiled user dll's ...
Registered in 0.001084 seconds.
Begin MonoManager ReloadAssembly
Native extension for OSXStandalone target not found
Native extension for WebGL target not found
Refreshing native plugins compatible for Editor in 0.33 ms, found 2 plugins.
Preloading 0 native plugins for Editor in 0.00 ms.
Mono: successfully reloaded assembly
- Completed reload, in  2.169 seconds
Domain Reload Profiling:
	ReloadAssembly (2171ms)
		BeginReloadAssembly (264ms)
			ExecutionOrderSort (0ms)
			DisableScriptedObjects (47ms)
			BackupInstance (0ms)
			ReleaseScriptingObjects (0ms)
			CreateAndSetChildDomain (81ms)
		EndReloadAssembly (1664ms)
			LoadAssemblies (109ms)
			RebuildTransferFunctionScriptingTraits (0ms)
			SetupTypeCache (248ms)
			ReleaseScriptCaches (1ms)
			RebuildScriptCaches (41ms)
			SetupLoadedEditorAssemblies (975ms)
				LogAssemblyErrors (0ms)
				InitializePlatformSupportModulesInManaged (35ms)
				SetLoadedEditorAssemblies (2ms)
				RefreshPlugins (0ms)
				BeforeProcessingInitializeOnLoad (83ms)
				ProcessInitializeOnLoadAttributes (742ms)
				ProcessInitializeOnLoadMethodAttributes (111ms)
				AfterProcessingInitializeOnLoad (1ms)
				EditorAssembliesLoaded (0ms)
			ExecutionOrderSort2 (0ms)
			AwakeInstancesAfterBackupRestoration (39ms)
Platform modules already initialized, skipping
Refreshing native plugins compatible for Editor in 0.33 ms, found 2 plugins.
Preloading 0 native plugins for Editor in 0.00 ms.
Unloading 1513 Unused Serialized files (Serialized files now loaded: 0)
Unloading 14 unused Assets / (21.9 KB). Loaded Objects now: 2099.
Memory consumption went from 182.9 MB to 182.9 MB.
Total: 2.518208 ms (FindLiveObjects: 0.130000 ms CreateObjectMapping: 0.034375 ms MarkObjects: 2.334209 ms  DeleteObjects: 0.018125 ms)

AssetImportParameters requested are different than current active one (requested -> active):
  custom:video-decoder-ogg-theora: a1e56fd34408186e4bbccfd4996cb3dc -> 
  custom:container-muxer-webm: aa71ff27fc2769a1b78a27578f13a17b -> 
  custom:container-demuxer-webm: 4f35f7cbe854078d1ac9338744f61a02 -> 
  custom:video-encoder-webm-vp8: eb34c28f22e8b96e1ab97ce403110664 -> 
  custom:framework-osx-AVFoundation: e770b220cccbd017edd2c1fefb359320 -> 
  custom:audio-encoder-webm-vorbis: bf7c407c2cedff20999df2af8eb42d56 -> 
  custom:container-demuxer-ogg: 62fdf1f143b41e24485cea50d1cbac27 -> 
  custom:video-decoder-webm-vp8: 9c59270c3fd7afecdb556c50c9e8de78 -> 
  custom:audio-decoder-ogg-vorbis: bf7c407c2cedff20999df2af8eb42d56 -> 
