Unity Editor version:    2021.2.5f1 (4ec9a5e799f5)
Branch:                  2021.2/staging
Build type:              Release
Batch mode:              YES
macOS version:           Version 11.6 (Build 20G165)
Darwin version:          20.6.0
Architecture:            x86_64
Running under Rosetta:   YES
Available memory:        8192 MB
Using pre-set license
Pro License: NO

COMMAND LINE ARGUMENTS:
/Users/NBSchwa/Desktop/School/Electronics/2021.2.5f1/Unity.app/Contents/MacOS/Unity
-adb2
-batchMode
-noUpm
-name
AssetImportWorker1
-projectPath
/Users/NBSchwa/Desktop/Journey
-logFile
Logs/AssetImportWorker1.log
-srvPort
56977
Successfully changed project path to: /Users/NBSchwa/Desktop/Journey
/Users/NBSchwa/Desktop/Journey
[UnityMemory] Configuration Parameters - Can be set up in boot.config
    "memorysetup-bucket-allocator-granularity=16"
    "memorysetup-bucket-allocator-bucket-count=8"
    "memorysetup-bucket-allocator-block-size=33554432"
    "memorysetup-bucket-allocator-block-count=8"
    "memorysetup-main-allocator-block-size=16777216"
    "memorysetup-thread-allocator-block-size=16777216"
    "memorysetup-gfx-main-allocator-block-size=16777216"
    "memorysetup-gfx-thread-allocator-block-size=16777216"
    "memorysetup-cache-allocator-block-size=4194304"
    "memorysetup-typetree-allocator-block-size=2097152"
    "memorysetup-profiler-bucket-allocator-granularity=16"
    "memorysetup-profiler-bucket-allocator-bucket-count=8"
    "memorysetup-profiler-bucket-allocator-block-size=33554432"
    "memorysetup-profiler-bucket-allocator-block-count=8"
    "memorysetup-profiler-allocator-block-size=16777216"
    "memorysetup-profiler-editor-allocator-block-size=1048576"
    "memorysetup-temp-allocator-size-main=16777216"
    "memorysetup-job-temp-allocator-block-size=2097152"
    "memorysetup-job-temp-allocator-block-size-background=1048576"
    "memorysetup-job-temp-allocator-reduction-small-platforms=262144"
    "memorysetup-temp-allocator-size-background-worker=32768"
    "memorysetup-temp-allocator-size-job-worker=262144"
    "memorysetup-temp-allocator-size-preload-manager=33554432"
    "memorysetup-temp-allocator-size-nav-mesh-worker=65536"
    "memorysetup-temp-allocator-size-audio-worker=65536"
    "memorysetup-temp-allocator-size-cloud-worker=32768"
    "memorysetup-temp-allocator-size-gi-baking-worker=262144"
    "memorysetup-temp-allocator-size-gfx=262144"
Refreshing native plugins compatible for Editor in 27.22 ms, found 2 plugins.
Preloading 0 native plugins for Editor in 0.00 ms.
Initialize engine version: 2021.2.5f1 (4ec9a5e799f5)
[Subsystems] Discovering subsystems at path /Users/NBSchwa/Desktop/School/Electronics/2021.2.5f1/Unity.app/Contents/Resources/UnitySubsystems
[Subsystems] Discovering subsystems at path /Users/NBSchwa/Desktop/Journey/Assets
GfxDevice: creating device client; threaded=0; jobified=0
 preferred device: Apple M1 (high power)
Metal devices available: 1
0: Apple M1 (high power)
Using device Apple M1 (high power)
Initializing Metal device caps: Apple M1
Initialize mono
Mono path[0] = '/Users/NBSchwa/Desktop/School/Electronics/2021.2.5f1/Unity.app/Contents/Managed'
Mono path[1] = '/Users/NBSchwa/Desktop/School/Electronics/2021.2.5f1/Unity.app/Contents/MonoBleedingEdge/lib/mono/unityjit-macos'
Mono config path = '/Users/NBSchwa/Desktop/School/Electronics/2021.2.5f1/Unity.app/Contents/MonoBleedingEdge/etc'
Using monoOptions --debugger-agent=transport=dt_socket,embedding=1,server=y,suspend=n,address=127.0.0.1:56001
Begin MonoManager ReloadAssembly
Registering precompiled unity dll's ...
Register platform support module: /Users/NBSchwa/Desktop/School/Electronics/2021.2.5f1/PlaybackEngines/WebGLSupport/UnityEditor.WebGL.Extensions.dll
Register platform support module: /Users/NBSchwa/Desktop/School/Electronics/2021.2.5f1/Unity.app/Contents/PlaybackEngines/MacStandaloneSupport/UnityEditor.OSXStandalone.Extensions.dll
Registered in 0.000982 seconds.
Native extension for OSXStandalone target not found
Native extension for WebGL target not found
Refreshing native plugins compatible for Editor in 30.20 ms, found 2 plugins.
Preloading 0 native plugins for Editor in 0.00 ms.
Mono: successfully reloaded assembly
- Completed reload, in  1.301 seconds
Domain Reload Profiling:
	ReloadAssembly (1302ms)
		BeginReloadAssembly (144ms)
			ExecutionOrderSort (0ms)
			DisableScriptedObjects (0ms)
			BackupInstance (0ms)
			ReleaseScriptingObjects (0ms)
			CreateAndSetChildDomain (3ms)
		EndReloadAssembly (1013ms)
			LoadAssemblies (141ms)
			RebuildTransferFunctionScriptingTraits (0ms)
			SetupTypeCache (144ms)
			ReleaseScriptCaches (0ms)
			RebuildScriptCaches (38ms)
			SetupLoadedEditorAssemblies (678ms)
				LogAssemblyErrors (0ms)
				InitializePlatformSupportModulesInManaged (38ms)
				SetLoadedEditorAssemblies (1ms)
				RefreshPlugins (30ms)
				BeforeProcessingInitializeOnLoad (3ms)
				ProcessInitializeOnLoadAttributes (456ms)
				ProcessInitializeOnLoadMethodAttributes (149ms)
				AfterProcessingInitializeOnLoad (0ms)
				EditorAssembliesLoaded (0ms)
			ExecutionOrderSort2 (0ms)
			AwakeInstancesAfterBackupRestoration (0ms)
Platform modules already initialized, skipping
Registering precompiled user dll's ...
Registered in 0.002028 seconds.
Begin MonoManager ReloadAssembly
Native extension for OSXStandalone target not found
Native extension for WebGL target not found
Refreshing native plugins compatible for Editor in 0.28 ms, found 2 plugins.
Preloading 0 native plugins for Editor in 0.00 ms.
Mono: successfully reloaded assembly
- Completed reload, in  2.151 seconds
Domain Reload Profiling:
	ReloadAssembly (2153ms)
		BeginReloadAssembly (321ms)
			ExecutionOrderSort (0ms)
			DisableScriptedObjects (36ms)
			BackupInstance (0ms)
			ReleaseScriptingObjects (0ms)
			CreateAndSetChildDomain (39ms)
		EndReloadAssembly (1601ms)
			LoadAssemblies (112ms)
			RebuildTransferFunctionScriptingTraits (0ms)
			SetupTypeCache (243ms)
			ReleaseScriptCaches (0ms)
			RebuildScriptCaches (48ms)
			SetupLoadedEditorAssemblies (939ms)
				LogAssemblyErrors (0ms)
				InitializePlatformSupportModulesInManaged (34ms)
				SetLoadedEditorAssemblies (1ms)
				RefreshPlugins (0ms)
				BeforeProcessingInitializeOnLoad (88ms)
				ProcessInitializeOnLoadAttributes (724ms)
				ProcessInitializeOnLoadMethodAttributes (89ms)
				AfterProcessingInitializeOnLoad (1ms)
				EditorAssembliesLoaded (0ms)
			ExecutionOrderSort2 (0ms)
			AwakeInstancesAfterBackupRestoration (12ms)
Platform modules already initialized, skipping
========================================================================
Worker process is ready to serve import requests
Launching external process: /Users/NBSchwa/Desktop/School/Electronics/2021.2.5f1/Unity.app/Contents/Tools/UnityShaderCompiler
Launched and connected shader compiler UnityShaderCompiler after 0.03 seconds
Refreshing native plugins compatible for Editor in 0.28 ms, found 2 plugins.
Preloading 0 native plugins for Editor in 0.00 ms.
Unloading 1541 Unused Serialized files (Serialized files now loaded: 0)
Unloading 19 unused Assets / (35.9 KB). Loaded Objects now: 2005.
Memory consumption went from 159.5 MB to 159.4 MB.
Total: 2.706000 ms (FindLiveObjects: 0.103417 ms CreateObjectMapping: 0.043583 ms MarkObjects: 2.476458 ms  DeleteObjects: 0.081125 ms)

AssetImportParameters requested are different than current active one (requested -> active):
  custom:video-decoder-ogg-theora: a1e56fd34408186e4bbccfd4996cb3dc -> 
  custom:container-muxer-webm: aa71ff27fc2769a1b78a27578f13a17b -> 
  custom:container-demuxer-webm: 4f35f7cbe854078d1ac9338744f61a02 -> 
  custom:video-encoder-webm-vp8: eb34c28f22e8b96e1ab97ce403110664 -> 
  custom:framework-osx-AVFoundation: e770b220cccbd017edd2c1fefb359320 -> 
  custom:audio-encoder-webm-vorbis: bf7c407c2cedff20999df2af8eb42d56 -> 
  custom:container-demuxer-ogg: 62fdf1f143b41e24485cea50d1cbac27 -> 
  custom:video-decoder-webm-vp8: 9c59270c3fd7afecdb556c50c9e8de78 -> 
  custom:audio-decoder-ogg-vorbis: bf7c407c2cedff20999df2af8eb42d56 -> 
========================================================================
Received Import Request.
  Time since last request: 106138.231388 seconds.
  path: Assets/Material X.mat
  artifactKey: Guid(9286c3cb7b6f54a4caa96819cc2f9f93) Importer(815301076,1909f56bfc062723c751e8b465ee728b)
Start importing Assets/Material X.mat using Guid(9286c3cb7b6f54a4caa96819cc2f9f93) Importer(815301076,1909f56bfc062723c751e8b465ee728b)  -> (artifact id: '03d9f829fbc7ca544152e83e45984858') in 1.433253 seconds 
========================================================================
Received Import Request.
  Time since last request: 0.000182 seconds.
  path: Assets/Material X 1.mat
  artifactKey: Guid(1318178dc4db46f48aae4b1aeb9cf3f7) Importer(815301076,1909f56bfc062723c751e8b465ee728b)
Start importing Assets/Material X 1.mat using Guid(1318178dc4db46f48aae4b1aeb9cf3f7) Importer(815301076,1909f56bfc062723c751e8b465ee728b)  -> (artifact id: 'ee0ccc27a32d58d2e85ec5c97b2458d9') in 0.015013 seconds 
========================================================================
Received Import Request.
  Time since last request: 0.000068 seconds.
  path: Assets/Audio/(2)Ball Rolling.mp3
  artifactKey: Guid(220e8cbe62bb7f2459bda0a089da032b) Importer(815301076,1909f56bfc062723c751e8b465ee728b)
Start importing Assets/Audio/(2)Ball Rolling.mp3 using Guid(220e8cbe62bb7f2459bda0a089da032b) Importer(815301076,1909f56bfc062723c751e8b465ee728b)  -> (artifact id: '5b237eca51acb928049dc06352bdf4dd') in 0.368141 seconds 
========================================================================
Received Import Request.
  Time since last request: 0.000061 seconds.
  path: Assets/Menu.mat
  artifactKey: Guid(d64a51c53680fbd45b39f233d0fa4bef) Importer(815301076,1909f56bfc062723c751e8b465ee728b)
Start importing Assets/Menu.mat using Guid(d64a51c53680fbd45b39f233d0fa4bef) Importer(815301076,1909f56bfc062723c751e8b465ee728b)  -> (artifact id: '1b820bf6ab48fc5755ad3daa74a025cf') in 0.299453 seconds 
========================================================================
Received Import Request.
  Time since last request: 0.000202 seconds.
  path: Assets/Audio/EnemyAmbient (1) (2).mp3
  artifactKey: Guid(1952a3a850d47ed4caa8663e9009ab15) Importer(815301076,1909f56bfc062723c751e8b465ee728b)
Start importing Assets/Audio/EnemyAmbient (1) (2).mp3 using Guid(1952a3a850d47ed4caa8663e9009ab15) Importer(815301076,1909f56bfc062723c751e8b465ee728b)  -> (artifact id: '4507a7b96bb9a4421efc6efd6edd13f4') in 0.007135 seconds 
========================================================================
Received Import Request.
  Time since last request: 0.000146 seconds.
  path: Assets/key.png
  artifactKey: Guid(6bb15743953f0324fb3648b5696b1b41) Importer(815301076,1909f56bfc062723c751e8b465ee728b)
Start importing Assets/key.png using Guid(6bb15743953f0324fb3648b5696b1b41) Importer(815301076,1909f56bfc062723c751e8b465ee728b)  -> (artifact id: '0d2d2a6ce1149dd7ad0ccce0b59f90ed') in 0.645886 seconds 
========================================================================
Received Import Request.
  Time since last request: 0.000065 seconds.
  path: Assets/Hexagon Sphere.fbx
  artifactKey: Guid(aa0eaa63f1e664841b01b1ee3e77b566) Importer(815301076,1909f56bfc062723c751e8b465ee728b)
Start importing Assets/Hexagon Sphere.fbx using Guid(aa0eaa63f1e664841b01b1ee3e77b566) Importer(815301076,1909f56bfc062723c751e8b465ee728b)  -> (artifact id: '7c72ebd6f003070e29204d663214f153') in 0.372256 seconds 
========================================================================
Received Import Request.
  Time since last request: 0.000080 seconds.
  path: Assets/Journey2.png
  artifactKey: Guid(cc9c437c8f1c2664991b5fc6818b33ac) Importer(815301076,1909f56bfc062723c751e8b465ee728b)
Start importing Assets/Journey2.png using Guid(cc9c437c8f1c2664991b5fc6818b33ac) Importer(815301076,1909f56bfc062723c751e8b465ee728b)  -> (artifact id: 'a3f73538d2fd810336352a7faa1f30ff') in 0.055288 seconds 
========================================================================
Received Import Request.
  Time since last request: 0.000083 seconds.
  path: Assets/Item Thing v8.fbx
  artifactKey: Guid(c136ca186809a7b408c3f6eccd2c60ed) Importer(815301076,1909f56bfc062723c751e8b465ee728b)
Start importing Assets/Item Thing v8.fbx using Guid(c136ca186809a7b408c3f6eccd2c60ed) Importer(815301076,1909f56bfc062723c751e8b465ee728b)  -> (artifact id: '40152cf73e0a3034a1d5a5fb54c3adc4') in 0.037155 seconds 
========================================================================
Received Import Request.
  Time since last request: 0.000072 seconds.
  path: Assets/Material Z.mat
  artifactKey: Guid(cb40f264bc0fb4b919238d631824b0b7) Importer(815301076,1909f56bfc062723c751e8b465ee728b)
Start importing Assets/Material Z.mat using Guid(cb40f264bc0fb4b919238d631824b0b7) Importer(815301076,1909f56bfc062723c751e8b465ee728b)  -> (artifact id: '97e461921b389e125bc94b1c06b343b7') in 0.206594 seconds 
========================================================================
Received Import Request.
  Time since last request: 0.000067 seconds.
  path: Assets/CubeWall4Sides.fbx
  artifactKey: Guid(42fda55985769fa4d997b2d2643e891f) Importer(815301076,1909f56bfc062723c751e8b465ee728b)
Start importing Assets/CubeWall4Sides.fbx using Guid(42fda55985769fa4d997b2d2643e891f) Importer(815301076,1909f56bfc062723c751e8b465ee728b)  -> (artifact id: 'e22e5927ae8f38712aa8bbb2a5a8e61a') in 0.089002 seconds 
========================================================================
Received Prepare
Refreshing native plugins compatible for Editor in 2.87 ms, found 2 plugins.
Preloading 0 native plugins for Editor in 0.00 ms.
Unloading 12 Unused Serialized files (Serialized files now loaded: 0)
Unloading 12 unused Assets / (21.9 KB). Loaded Objects now: 2061.
Memory consumption went from 152.9 MB to 152.9 MB.
Total: 9.114875 ms (FindLiveObjects: 0.187834 ms CreateObjectMapping: 0.031291 ms MarkObjects: 8.876708 ms  DeleteObjects: 0.017625 ms)

AssetImportParameters requested are different than current active one (requested -> active):
  custom:video-decoder-ogg-theora: a1e56fd34408186e4bbccfd4996cb3dc -> 
  custom:container-muxer-webm: aa71ff27fc2769a1b78a27578f13a17b -> 
  custom:container-demuxer-webm: 4f35f7cbe854078d1ac9338744f61a02 -> 
  custom:video-encoder-webm-vp8: eb34c28f22e8b96e1ab97ce403110664 -> 
  custom:framework-osx-AVFoundation: e770b220cccbd017edd2c1fefb359320 -> 
  custom:audio-encoder-webm-vorbis: bf7c407c2cedff20999df2af8eb42d56 -> 
  custom:container-demuxer-ogg: 62fdf1f143b41e24485cea50d1cbac27 -> 
  custom:video-decoder-webm-vp8: 9c59270c3fd7afecdb556c50c9e8de78 -> 
  custom:audio-decoder-ogg-vorbis: bf7c407c2cedff20999df2af8eb42d56 -> 
AssetImportWorkerClient::OnTransportError - code=2 error=End of file
